\BOOKMARK [0][-]{dedication.0}{Dedicat\363ria}{}% 1
\BOOKMARK [0][-]{acknowledgements.0}{Agradecimentos}{}% 2
\BOOKMARK [0][-]{resumo.0}{Resumo}{}% 3
\BOOKMARK [0][-]{abstract.0}{Abstract}{}% 4
\BOOKMARK [0][-]{chapter.1}{Introdu\347\343o}{}% 5
\BOOKMARK [1][-]{section.1.1}{Organiza\347\343o do trabalho}{chapter.1}% 6
\BOOKMARK [0][-]{chapter.2}{Rastreamento e Localiza\347\343o}{}% 7
\BOOKMARK [1][-]{section.2.1}{Rastreamento}{chapter.2}% 8
\BOOKMARK [2][-]{subsection.2.1.1}{Representa\347\343o do Objeto}{section.2.1}% 9
\BOOKMARK [2][-]{subsection.2.1.2}{Caracter\355sticas para rastreamento}{section.2.1}% 10
\BOOKMARK [2][-]{subsection.2.1.3}{Detec\347\343o de objeto}{section.2.1}% 11
\BOOKMARK [2][-]{subsection.2.1.4}{Rastreamento de objeto}{section.2.1}% 12
\BOOKMARK [1][-]{section.2.2}{Localiza\347\343o}{chapter.2}% 13
\BOOKMARK [0][-]{chapter.3}{Reconhecimento Facial}{}% 14
\BOOKMARK [1][-]{section.3.1}{Biometria}{chapter.3}% 15
\BOOKMARK [1][-]{section.3.2}{Reconhecimento Facial}{chapter.3}% 16
\BOOKMARK [2][-]{subsection.3.2.1}{Detec\347\343o de Faces em imagens}{section.3.2}% 17
\BOOKMARK [2][-]{subsection.3.2.2}{Reconhecimento das Faces encontradas}{section.3.2}% 18
\BOOKMARK [0][-]{chapter.4}{Trabalhos Correlatos}{}% 19
\BOOKMARK [1][-]{section.4.1}{Projeto CHIL}{chapter.4}% 20
\BOOKMARK [2][-]{subsection.4.1.1}{Rastreamento e Localiza\347\343o de Pessoas}{section.4.1}% 21
\BOOKMARK [2][-]{subsection.4.1.2}{Identifica\347\343o das Pessoas}{section.4.1}% 22
\BOOKMARK [1][-]{section.4.2}{Identifica\347\343o multimodal e localiza\347\343o de usu\341rios em um ambiente inteligente}{chapter.4}% 23
\BOOKMARK [2][-]{subsection.4.2.1}{Detec\347\343o de movimento, Localiza\347\343o e Rastreamento}{section.4.2}% 24
\BOOKMARK [2][-]{subsection.4.2.2}{Detec\347\343o e Reconhecimento Facial}{section.4.2}% 25
\BOOKMARK [1][-]{section.4.3}{Captura de contexto din\342mico e Arrays de v\355deos distribu\355dos para SmartSpaces}{chapter.4}% 26
\BOOKMARK [2][-]{subsection.4.3.1}{Rastreamento, Detec\347\343o de faces e Reconhecimento facial}{section.4.3}% 27
\BOOKMARK [0][-]{chapter.5}{Problema e Proposta}{}% 28
\BOOKMARK [1][-]{section.5.1}{M\363dulo de Reconhecimento}{chapter.5}% 29
\BOOKMARK [1][-]{section.5.2}{M\363dulo de Rastreamento}{chapter.5}% 30
\BOOKMARK [1][-]{section.5.3}{Rela\347\343o Rastreamento e Reconhecimento}{chapter.5}% 31
\BOOKMARK [1][-]{section.5.4}{M\363dulo de Registro}{chapter.5}% 32
\BOOKMARK [1][-]{section.5.5}{Kinect}{chapter.5}% 33
\BOOKMARK [0][-]{section*.14}{Refer\352ncias}{}% 34
